<?xml version="1.0" encoding="UTF-8"?>
<!-- Generated by org.testng.reporters.JUnitXMLReporter -->
<testsuite hostname="LIT-HYD-L037" ignored="3" name="GRP-Create TradeAlly" tests="2" failures="0" timestamp="30 Mar 2020 04:38:05 GMT" time="369.455" errors="0">
  <testcase name="Login_Module" time="40.908" classname="com.esg.executableclasses.End_To_End_ConfigurationExecutableClass"/>
  <testcase name="CreateNewTradeAlly" time="328.01" classname="com.esg.executableclasses.End_To_End_ConfigurationExecutableClass"/>
  <testcase name="CreateNewMeasure" time="0.0" classname="com.esg.executableclasses.End_To_End_ConfigurationExecutableClass">
    <ignored/>
  </testcase> <!-- CreateNewMeasure -->
  <testcase name="CreateNewMeasure_Add_FailCodes_and_NonFeasibleCodes" time="0.0" classname="com.esg.executableclasses.End_To_End_ConfigurationExecutableClass">
    <ignored/>
  </testcase> <!-- CreateNewMeasure_Add_FailCodes_and_NonFeasibleCodes -->
  <testcase name="CreateNewMeasure_Add_Properties" time="0.0" classname="com.esg.executableclasses.End_To_End_ConfigurationExecutableClass">
    <ignored/>
  </testcase> <!-- CreateNewMeasure_Add_Properties -->
</testsuite> <!-- GRP-Create TradeAlly -->
