<?xml version="1.0" encoding="UTF-8"?>
<!-- Generated by org.testng.reporters.JUnitXMLReporter -->
<testsuite hostname="LIT-HYD-L006" ignored="5" name="GRP-AutomatedWorkflow_OPAL" tests="4" failures="0" timestamp="22 Apr 2019 10:52:15 GMT" time="378.977" errors="0">
  <testcase name="UserDefinedWorkflow_Login" time="13.632" classname="com.esg.executableclasses.UserDefinedWorkflowExecutableClass"/>
  <testcase name="UserDefinedWorkflow_AutomatedWorkflow_OPAL_EnrollmentStep_1" time="54.624" classname="com.esg.executableclasses.UserDefinedWorkflowExecutableClass"/>
  <testcase name="UserDefinedWorkflow_AutomatedWorkflow_OPAL_InspectionStep_1" time="37.142" classname="com.esg.executableclasses.UserDefinedWorkflowExecutableClass"/>
  <testcase name="UserDefinedWorkflow_AutomatedWorkflow_OPAL_EnrollmentStep_2" time="273.146" classname="com.esg.executableclasses.UserDefinedWorkflowExecutableClass"/>
  <testcase name="UserDefinedWorkflow_AutomatedWorkflow_Inspection_InspectionStep_1" time="0.0" classname="com.esg.executableclasses.UserDefinedWorkflowExecutableClass">
    <ignored/>
  </testcase> <!-- UserDefinedWorkflow_AutomatedWorkflow_Inspection_InspectionStep_1 -->
  <testcase name="UserDefinedWorkflow_AutomatedWorkflow_Inspection_EnrollmentStep_1" time="0.0" classname="com.esg.executableclasses.UserDefinedWorkflowExecutableClass">
    <ignored/>
  </testcase> <!-- UserDefinedWorkflow_AutomatedWorkflow_Inspection_EnrollmentStep_1 -->
  <testcase name="UserDefinedWorkflow_AutomatedWorkflow_Inspection_InspectionStep_2" time="0.0" classname="com.esg.executableclasses.UserDefinedWorkflowExecutableClass">
    <ignored/>
  </testcase> <!-- UserDefinedWorkflow_AutomatedWorkflow_Inspection_InspectionStep_2 -->
  <testcase name="UserDefinedWorkflow_AutomatedWorkflow_Inspection_EnrollmentStep_2" time="0.0" classname="com.esg.executableclasses.UserDefinedWorkflowExecutableClass">
    <ignored/>
  </testcase> <!-- UserDefinedWorkflow_AutomatedWorkflow_Inspection_EnrollmentStep_2 -->
  <testcase name="UserDefinedWorkflow_AutomatedWorkflow_Inspection_Login" time="0.0" classname="com.esg.executableclasses.UserDefinedWorkflowExecutableClass">
    <ignored/>
  </testcase> <!-- UserDefinedWorkflow_AutomatedWorkflow_Inspection_Login -->
</testsuite> <!-- GRP-AutomatedWorkflow_OPAL -->
