<?xml version="1.0" encoding="UTF-8"?>
<!-- Generated by org.testng.reporters.JUnitXMLReporter -->
<testsuite hostname="LIT-HYD-L006" ignored="23" name="GRP-Automated_Interconnect_Workflow" tests="6" failures="0" timestamp="25 Apr 2019 03:31:02 GMT" time="254.337" errors="0">
  <testcase name="UserDefinedWorkflow_AutomatedWorkflow_Interconnect_Workflow_Login" time="14.208" classname="com.esg.executableclasses.UserDefinedWorkflowExecutableClass"/>
  <testcase name="UserDefinedWorkflow_AutomatedWorkflow_Interconnect_Workflow_EnrollmentStep_1" time="46.091" classname="com.esg.executableclasses.UserDefinedWorkflowExecutableClass"/>
  <testcase name="UserDefinedWorkflow_AutomatedWorkflow_Interconnect_Workflow_Pre_InspectionStep" time="34.762" classname="com.esg.executableclasses.UserDefinedWorkflowExecutableClass"/>
  <testcase name="UserDefinedWorkflow_AutomatedWorkflow_Interconnect_Workflow_EnrollmentStep_2" time="91.584" classname="com.esg.executableclasses.UserDefinedWorkflowExecutableClass"/>
  <testcase name="UserDefinedWorkflow_AutomatedWorkflow_Interconnect_Workflow_Pre_Engineering" time="43.448" classname="com.esg.executableclasses.UserDefinedWorkflowExecutableClass"/>
  <testcase name="UserDefinedWorkflow_AutomatedWorkflow_Interconnect_Workflow_EnrollmentStep_3" time="23.532" classname="com.esg.executableclasses.UserDefinedWorkflowExecutableClass"/>
  <testcase name="UserDefinedWorkflow_AutomatedWorkflow_Installation_and_Inspection_EnrollmentStep_1" time="0.0" classname="com.esg.executableclasses.UserDefinedWorkflowExecutableClass">
    <ignored/>
  </testcase> <!-- UserDefinedWorkflow_AutomatedWorkflow_Installation_and_Inspection_EnrollmentStep_1 -->
  <testcase name="UserDefinedWorkflow_AutomatedWorkflow_OPAL_Login" time="0.0" classname="com.esg.executableclasses.UserDefinedWorkflowExecutableClass">
    <ignored/>
  </testcase> <!-- UserDefinedWorkflow_AutomatedWorkflow_OPAL_Login -->
  <testcase name="UserDefinedWorkflow_AutomatedWorkflow_Installation_and_Inspection_Login" time="0.0" classname="com.esg.executableclasses.UserDefinedWorkflowExecutableClass">
    <ignored/>
  </testcase> <!-- UserDefinedWorkflow_AutomatedWorkflow_Installation_and_Inspection_Login -->
  <testcase name="UserDefinedWorkflow_AutomatedWorkflow_Installation_and_Inspection_QualityAssurance" time="0.0" classname="com.esg.executableclasses.UserDefinedWorkflowExecutableClass">
    <ignored/>
  </testcase> <!-- UserDefinedWorkflow_AutomatedWorkflow_Installation_and_Inspection_QualityAssurance -->
  <testcase name="UserDefinedWorkflow_AutomatedWorkflow_Custom_Commercial_Post_EngineeringStep" time="0.0" classname="com.esg.executableclasses.UserDefinedWorkflowExecutableClass">
    <ignored/>
  </testcase> <!-- UserDefinedWorkflow_AutomatedWorkflow_Custom_Commercial_Post_EngineeringStep -->
  <testcase name="UserDefinedWorkflow_AutomatedWorkflow_Installation_and_Inspection_Pre_InspectionStep" time="0.0" classname="com.esg.executableclasses.UserDefinedWorkflowExecutableClass">
    <ignored/>
  </testcase> <!-- UserDefinedWorkflow_AutomatedWorkflow_Installation_and_Inspection_Pre_InspectionStep -->
  <testcase name="UserDefinedWorkflow_AutomatedWorkflow_Custom_Commercial_QualityAssurance" time="0.0" classname="com.esg.executableclasses.UserDefinedWorkflowExecutableClass">
    <ignored/>
  </testcase> <!-- UserDefinedWorkflow_AutomatedWorkflow_Custom_Commercial_QualityAssurance -->
  <testcase name="UserDefinedWorkflow_AutomatedWorkflow_Custom_Commercial_Pre_EngineeringStep" time="0.0" classname="com.esg.executableclasses.UserDefinedWorkflowExecutableClass">
    <ignored/>
  </testcase> <!-- UserDefinedWorkflow_AutomatedWorkflow_Custom_Commercial_Pre_EngineeringStep -->
  <testcase name="UserDefinedWorkflow_AutomatedWorkflow_Inspection_Login" time="0.0" classname="com.esg.executableclasses.UserDefinedWorkflowExecutableClass">
    <ignored/>
  </testcase> <!-- UserDefinedWorkflow_AutomatedWorkflow_Inspection_Login -->
  <testcase name="UserDefinedWorkflow_AutomatedWorkflow_Installation_and_Inspection_EnrollmentStep_2" time="0.0" classname="com.esg.executableclasses.UserDefinedWorkflowExecutableClass">
    <ignored/>
  </testcase> <!-- UserDefinedWorkflow_AutomatedWorkflow_Installation_and_Inspection_EnrollmentStep_2 -->
  <testcase name="UserDefinedWorkflow_AutomatedWorkflow_Installation_and_Inspection_InspectionStep" time="0.0" classname="com.esg.executableclasses.UserDefinedWorkflowExecutableClass">
    <ignored/>
  </testcase> <!-- UserDefinedWorkflow_AutomatedWorkflow_Installation_and_Inspection_InspectionStep -->
  <testcase name="UserDefinedWorkflow_AutomatedWorkflow_Inspection_InspectionStep_1" time="0.0" classname="com.esg.executableclasses.UserDefinedWorkflowExecutableClass">
    <ignored/>
  </testcase> <!-- UserDefinedWorkflow_AutomatedWorkflow_Inspection_InspectionStep_1 -->
  <testcase name="UserDefinedWorkflow_AutomatedWorkflow_Inspection_EnrollmentStep_1" time="0.0" classname="com.esg.executableclasses.UserDefinedWorkflowExecutableClass">
    <ignored/>
  </testcase> <!-- UserDefinedWorkflow_AutomatedWorkflow_Inspection_EnrollmentStep_1 -->
  <testcase name="UserDefinedWorkflow_AutomatedWorkflow_OPAL_EnrollmentStep_2" time="0.0" classname="com.esg.executableclasses.UserDefinedWorkflowExecutableClass">
    <ignored/>
  </testcase> <!-- UserDefinedWorkflow_AutomatedWorkflow_OPAL_EnrollmentStep_2 -->
  <testcase name="UserDefinedWorkflow_AutomatedWorkflow_OPAL_InspectionStep_1" time="0.0" classname="com.esg.executableclasses.UserDefinedWorkflowExecutableClass">
    <ignored/>
  </testcase> <!-- UserDefinedWorkflow_AutomatedWorkflow_OPAL_InspectionStep_1 -->
  <testcase name="UserDefinedWorkflow_AutomatedWorkflow_Inspection_InspectionStep_2" time="0.0" classname="com.esg.executableclasses.UserDefinedWorkflowExecutableClass">
    <ignored/>
  </testcase> <!-- UserDefinedWorkflow_AutomatedWorkflow_Inspection_InspectionStep_2 -->
  <testcase name="UserDefinedWorkflow_AutomatedWorkflow_OPAL_EnrollmentStep_1" time="0.0" classname="com.esg.executableclasses.UserDefinedWorkflowExecutableClass">
    <ignored/>
  </testcase> <!-- UserDefinedWorkflow_AutomatedWorkflow_OPAL_EnrollmentStep_1 -->
  <testcase name="UserDefinedWorkflow_AutomatedWorkflow_Inspection_EnrollmentStep_2" time="0.0" classname="com.esg.executableclasses.UserDefinedWorkflowExecutableClass">
    <ignored/>
  </testcase> <!-- UserDefinedWorkflow_AutomatedWorkflow_Inspection_EnrollmentStep_2 -->
  <testcase name="UserDefinedWorkflow_AutomatedWorkflow_Custom_Commercial_EnrollmentStep_3" time="0.0" classname="com.esg.executableclasses.UserDefinedWorkflowExecutableClass">
    <ignored/>
  </testcase> <!-- UserDefinedWorkflow_AutomatedWorkflow_Custom_Commercial_EnrollmentStep_3 -->
  <testcase name="UserDefinedWorkflow_AutomatedWorkflow_Custom_Commercial_EnrollmentStep_2" time="0.0" classname="com.esg.executableclasses.UserDefinedWorkflowExecutableClass">
    <ignored/>
  </testcase> <!-- UserDefinedWorkflow_AutomatedWorkflow_Custom_Commercial_EnrollmentStep_2 -->
  <testcase name="UserDefinedWorkflow_AutomatedWorkflow_Custom_Commercial_EnrollmentStep_1" time="0.0" classname="com.esg.executableclasses.UserDefinedWorkflowExecutableClass">
    <ignored/>
  </testcase> <!-- UserDefinedWorkflow_AutomatedWorkflow_Custom_Commercial_EnrollmentStep_1 -->
  <testcase name="UserDefinedWorkflow_AutomatedWorkflow_Custom_Commercial_InspectionStep" time="0.0" classname="com.esg.executableclasses.UserDefinedWorkflowExecutableClass">
    <ignored/>
  </testcase> <!-- UserDefinedWorkflow_AutomatedWorkflow_Custom_Commercial_InspectionStep -->
  <testcase name="UserDefinedWorkflow_AutomatedWorkflow_Custom_Commercial_Login" time="0.0" classname="com.esg.executableclasses.UserDefinedWorkflowExecutableClass">
    <ignored/>
  </testcase> <!-- UserDefinedWorkflow_AutomatedWorkflow_Custom_Commercial_Login -->
</testsuite> <!-- GRP-Automated_Interconnect_Workflow -->
